Using pre-set license
Built from '2021.1/staging' branch; Version is '2021.1.18f1 (25bdc3efbc2d) revision 2473411'; Using compiler version '192528614'; Build Type 'Release'
OS: 'Windows 10 Home; OS build 19042.1348; Version 2009; 64bit' Language: 'en' Physical Memory: 6045 MB
BatchMode: 1, IsHumanControllingUs: 0, StartBugReporterOnCrash: 0, Is64bit: 1, IsPro: 0

COMMAND LINE ARGUMENTS:
C:\Program Files\Unity 2021.1.18f1\Editor\Unity.exe
-adb2
-batchMode
-noUpm
-name
AssetImportWorker0
-projectPath
C:/Users/lisam/Documents/GitHub/First 3D world
-logFile
Logs/AssetImportWorker0.log
-srvPort
53345
Successfully changed project path to: C:/Users/lisam/Documents/GitHub/First 3D world
C:/Users/lisam/Documents/GitHub/First 3D world
Using Asset Import Pipeline V2.
Refreshing native plugins compatible for Editor in 152.17 ms, found 6 plugins.
Preloading 1 native plugins for Editor in 1.78 ms.
Initialize engine version: 2021.1.18f1 (25bdc3efbc2d)
[Subsystems] Discovering subsystems at path C:/Program Files/Unity 2021.1.18f1/Editor/Data/Resources/UnitySubsystems
[Subsystems] Discovering subsystems at path C:/Users/lisam/Documents/GitHub/First 3D world/Assets
GfxDevice: creating device client; threaded=0; jobified=0
Direct3D:
    Version:  Direct3D 11.0 [level 11.1]
    Renderer: AMD Radeon(TM) Vega 8 Graphics (ID=0x15dd)
    Vendor:   ATI
    VRAM:     3022 MB
    Driver:   27.20.14501.18003
Initialize mono
Mono path[0] = 'C:/Program Files/Unity 2021.1.18f1/Editor/Data/Managed'
Mono path[1] = 'C:/Program Files/Unity 2021.1.18f1/Editor/Data/MonoBleedingEdge/lib/mono/unityjit'
Mono config path = 'C:/Program Files/Unity 2021.1.18f1/Editor/Data/MonoBleedingEdge/etc'
Using monoOptions --debugger-agent=transport=dt_socket,embedding=1,server=y,suspend=n,address=127.0.0.1:56692
Begin MonoManager ReloadAssembly
Registering precompiled unity dll's ...
Register platform support module: C:/Program Files/Unity 2021.1.18f1/Editor/Data/PlaybackEngines/WindowsStandaloneSupport/UnityEditor.WindowsStandalone.Extensions.dll
Registered in 0.004469 seconds.
Native extension for WindowsStandalone target not found
Refreshing native plugins compatible for Editor in 125.95 ms, found 6 plugins.
Preloading 1 native plugins for Editor in 0.10 ms.
Mono: successfully reloaded assembly
- Completed reload, in  3.614 seconds
Domain Reload Profiling:
	ReloadAssembly (3615ms)
		BeginReloadAssembly (168ms)
			ExecutionOrderSort (0ms)
			DisableScriptedObjects (0ms)
			BackupInstance (0ms)
			ReleaseScriptingObjects (0ms)
			CreateAndSetChildDomain (2ms)
		EndReloadAssembly (726ms)
			LoadAssemblies (163ms)
			RebuildTransferFunctionScriptingTraits (0ms)
			SetupTypeCache (236ms)
			ReleaseScriptCaches (0ms)
			RebuildScriptCaches (51ms)
			SetupLoadedEditorAssemblies (354ms)
				LogAssemblyErrors (0ms)
				InitializePlatformSupportModulesInManaged (10ms)
				SetLoadedEditorAssemblies (0ms)
				RefreshPlugins (126ms)
				BeforeProcessingInitializeOnLoad (2ms)
				ProcessInitializeOnLoadAttributes (161ms)
				ProcessInitializeOnLoadMethodAttributes (54ms)
				AfterProcessingInitializeOnLoad (0ms)
				EditorAssembliesLoaded (0ms)
			ExecutionOrderSort2 (0ms)
			AwakeInstancesAfterBackupRestoration (0ms)
Platform modules already initialized, skipping
Registering precompiled user dll's ...
Registered in 0.029534 seconds.
Begin MonoManager ReloadAssembly
Symbol file LoadedFromMemory doesn't match image C:\Users\lisam\Documents\GitHub\First 3D world\Library\PackageCache\com.unity.visualscripting@1.6.1\Editor\VisualScripting.Core\Dependencies\YamlDotNet\Unity.VisualScripting.YamlDotNet.dll
Symbol file LoadedFromMemory doesn't match image C:\Users\lisam\Documents\GitHub\First 3D world\Library\PackageCache\com.unity.visualscripting@1.6.1\Editor\VisualScripting.Core\Dependencies\DotNetZip\Unity.VisualScripting.IonicZip.dll
Native extension for WindowsStandalone target not found
Refreshing native plugins compatible for Editor in 111.05 ms, found 6 plugins.
Preloading 1 native plugins for Editor in 0.10 ms.
[XR] OculusXRPlugin: registering subsystems
[XR] Unable to register display lifecyle provider: [1]
[XR] Oculus Input lifecycle provider registered.
[XR] Unable to register input lifecyle provider: [1]
System.Reflection.TargetInvocationException: Exception has been thrown by the target of an invocation. ---> System.NullReferenceException: Object reference not set to an instance of an object
  at Unity.XR.Oculus.OculusLoader.AssetPathToAbsolutePath (System.String assetPath) [0x00048] in C:\Users\lisam\Documents\GitHub\First 3D world\Library\PackageCache\com.unity.xr.oculus@1.10.0\Runtime\OculusLoader.cs:250 
  at Unity.XR.Oculus.OculusLoader.EditorLoadOVRPlugin () [0x0007b] in C:\Users\lisam\Documents\GitHub\First 3D world\Library\PackageCache\com.unity.xr.oculus@1.10.0\Runtime\OculusLoader.cs:235 
  at (wrapper managed-to-native) System.Reflection.MonoMethod.InternalInvoke(System.Reflection.MonoMethod,object,object[],System.Exception&)
  at System.Reflection.MonoMethod.Invoke (System.Object obj, System.Reflection.BindingFlags invokeAttr, System.Reflection.Binder binder, System.Object[] parameters, System.Globalization.CultureInfo culture) [0x00032] in <695d1cc93cca45069c528c15c9fdd749>:0 
   --- End of inner exception stack trace ---
  at System.Reflection.MonoMethod.Invoke (System.Object obj, System.Reflection.BindingFlags invokeAttr, System.Reflection.Binder binder, System.Object[] parameters, System.Globalization.CultureInfo culture) [0x00048] in <695d1cc93cca45069c528c15c9fdd749>:0 
  at System.Reflection.MethodBase.Invoke (System.Object obj, System.Object[] parameters) [0x00000] in <695d1cc93cca45069c528c15c9fdd749>:0 
  at UnityEditor.EditorAssemblies.ProcessInitializeOnLoadMethodAttributes () [0x00047] in <787760f2093d4a7bb881e33fb1e69d90>:0 
UnityEngine.StackTraceUtility:ExtractStackTrace ()
UnityEngine.DebugLogHandler:LogFormat (UnityEngine.LogType,UnityEngine.Object,string,object[])
UnityEngine.Logger:Log (UnityEngine.LogType,object)
UnityEngine.Debug:LogError (object)
UnityEditor.EditorAssemblies:ProcessInitializeOnLoadMethodAttributes ()

Mono: successfully reloaded assembly
- Completed reload, in  2.068 seconds
Domain Reload Profiling:
	ReloadAssembly (2069ms)
		BeginReloadAssembly (239ms)
			ExecutionOrderSort (0ms)
			DisableScriptedObjects (10ms)
			BackupInstance (0ms)
			ReleaseScriptingObjects (0ms)
			CreateAndSetChildDomain (35ms)
		EndReloadAssembly (1727ms)
			LoadAssemblies (216ms)
			RebuildTransferFunctionScriptingTraits (0ms)
			SetupTypeCache (524ms)
			ReleaseScriptCaches (1ms)
			RebuildScriptCaches (71ms)
			SetupLoadedEditorAssemblies (767ms)
				LogAssemblyErrors (0ms)
				InitializePlatformSupportModulesInManaged (5ms)
				SetLoadedEditorAssemblies (0ms)
				RefreshPlugins (111ms)
				BeforeProcessingInitializeOnLoad (100ms)
				ProcessInitializeOnLoadAttributes (510ms)
				ProcessInitializeOnLoadMethodAttributes (31ms)
				AfterProcessingInitializeOnLoad (9ms)
				EditorAssembliesLoaded (0ms)
			ExecutionOrderSort2 (0ms)
			AwakeInstancesAfterBackupRestoration (12ms)
Platform modules already initialized, skipping
========================================================================
Worker process is ready to serve import requests
Launched and connected shader compiler UnityShaderCompiler.exe after 0.13 seconds
Refreshing native plugins compatible for Editor in 1.19 ms, found 6 plugins.
Preloading 1 native plugins for Editor in 0.15 ms.
Unloading 3495 Unused Serialized files (Serialized files now loaded: 0)
System memory in use before: 126.8 MB.
System memory in use after: 127.1 MB.

Unloading 26 unused Assets to reduce memory usage. Loaded Objects now: 3942.
Total: 6.410600 ms (FindLiveObjects: 0.410000 ms CreateObjectMapping: 0.218400 ms MarkObjects: 5.671300 ms  DeleteObjects: 0.108800 ms)

AssetImportParameters requested are different than current active one (requested -> active):
  custom:framework-win-MediaFoundation: 216162199b28c13a410421893ffa2e32 -> 
  custom:video-decoder-ogg-theora: a1e56fd34408186e4bbccfd4996cb3dc -> 
  custom:container-muxer-webm: aa71ff27fc2769a1b78a27578f13a17b -> 
  custom:container-demuxer-webm: 4f35f7cbe854078d1ac9338744f61a02 -> 
  custom:container-demuxer-ogg: 62fdf1f143b41e24485cea50d1cbac27 -> 
  custom:video-encoder-webm-vp8: eb34c28f22e8b96e1ab97ce403110664 -> 
  custom:video-codec-MediaFoundation-h265: 746d11721c4dcdbdad8f713fa42b33f4 -> 
  custom:video-decoder-webm-vp8: 9c59270c3fd7afecdb556c50c9e8de78 -> 
  custom:audio-decoder-ogg-vorbis: bf7c407c2cedff20999df2af8eb42d56 -> 
  custom:audio-encoder-webm-vorbis: bf7c407c2cedff20999df2af8eb42d56 -> 
========================================================================
Received Import Request.
  path: Assets/PolygonStarter/Models
  artifactKey: Guid(78edfa7ec30713c4eb8b09f84a29ec1d) Importer(815301076,1909f56bfc062723c751e8b465ee728b)
Start importing Assets/PolygonStarter/Models using Guid(78edfa7ec30713c4eb8b09f84a29ec1d) Importer(815301076,1909f56bfc062723c751e8b465ee728b)  -> (artifact id: '1b5add060b8c6f005d3428eac611b4f2') in 0.023524 seconds 
========================================================================
Received Import Request.
  Time since last request: 0.000503 seconds.
  path: Assets/Enemy_Movement.cs
  artifactKey: Guid(a212cd8debf2fac4fb32f7dbd9748e1e) Importer(815301076,1909f56bfc062723c751e8b465ee728b)
Start importing Assets/Enemy_Movement.cs using Guid(a212cd8debf2fac4fb32f7dbd9748e1e) Importer(815301076,1909f56bfc062723c751e8b465ee728b)  -> (artifact id: 'ce10c83642dfad246d18026a08b30c48') in 0.071476 seconds 
========================================================================
Received Import Request.
  Time since last request: 134.861056 seconds.
  path: Assets/Enemy_Movement.cs
  artifactKey: Guid(a212cd8debf2fac4fb32f7dbd9748e1e) Importer(815301076,1909f56bfc062723c751e8b465ee728b)
Start importing Assets/Enemy_Movement.cs using Guid(a212cd8debf2fac4fb32f7dbd9748e1e) Importer(815301076,1909f56bfc062723c751e8b465ee728b)  -> (artifact id: '25ebd9ac055b897b5ae52b749ba2aecb') in 0.007875 seconds 
========================================================================
Received Import Request.
  Time since last request: 434.400518 seconds.
  path: Assets/Enemy_Movement.cs
  artifactKey: Guid(a212cd8debf2fac4fb32f7dbd9748e1e) Importer(815301076,1909f56bfc062723c751e8b465ee728b)
Start importing Assets/Enemy_Movement.cs using Guid(a212cd8debf2fac4fb32f7dbd9748e1e) Importer(815301076,1909f56bfc062723c751e8b465ee728b)  -> (artifact id: '5b613b1a50cbcb3ab6bf1e3de2e67c30') in 0.005164 seconds 
========================================================================
Received Import Request.
  Time since last request: 3415.368882 seconds.
  path: Assets/Enemy_Movement.cs
  artifactKey: Guid(a212cd8debf2fac4fb32f7dbd9748e1e) Importer(815301076,1909f56bfc062723c751e8b465ee728b)
Start importing Assets/Enemy_Movement.cs using Guid(a212cd8debf2fac4fb32f7dbd9748e1e) Importer(815301076,1909f56bfc062723c751e8b465ee728b)  -> (artifact id: '6618796a21dddb995bc3a0165217bb87') in 0.013783 seconds 
========================================================================
Received Import Request.
  Time since last request: 28.540099 seconds.
  path: Assets/Enemy_Movement.cs
  artifactKey: Guid(a212cd8debf2fac4fb32f7dbd9748e1e) Importer(815301076,1909f56bfc062723c751e8b465ee728b)
Start importing Assets/Enemy_Movement.cs using Guid(a212cd8debf2fac4fb32f7dbd9748e1e) Importer(815301076,1909f56bfc062723c751e8b465ee728b)  -> (artifact id: '0a7622b39bec9810f6d7b5f1198f6729') in 0.006135 seconds 
========================================================================
Received Import Request.
  Time since last request: 3424.118757 seconds.
  path: Assets/Enemy_Movement.cs
  artifactKey: Guid(a212cd8debf2fac4fb32f7dbd9748e1e) Importer(815301076,1909f56bfc062723c751e8b465ee728b)
Start importing Assets/Enemy_Movement.cs using Guid(a212cd8debf2fac4fb32f7dbd9748e1e) Importer(815301076,1909f56bfc062723c751e8b465ee728b)  -> (artifact id: '037a22487cb88b6ddb281353b306617e') in 0.007338 seconds 
========================================================================
Received Import Request.
  Time since last request: 26.551190 seconds.
  path: Assets/Enemy_Movement.cs
  artifactKey: Guid(a212cd8debf2fac4fb32f7dbd9748e1e) Importer(815301076,1909f56bfc062723c751e8b465ee728b)
Start importing Assets/Enemy_Movement.cs using Guid(a212cd8debf2fac4fb32f7dbd9748e1e) Importer(815301076,1909f56bfc062723c751e8b465ee728b)  -> (artifact id: 'ce7a73b7b5d24f33fb0d5f8d348becd6') in 0.007600 seconds 
